{"/Users/lukehouge/Documents/Coding/Web Design/Sites/Portfolio/src/sum.js": {"path":"/Users/lukehouge/Documents/Coding/Web Design/Sites/Portfolio/src/sum.js","statementMap":{"0":{"start":{"line":1,"column":0},"end":{"line":1,"column":33}},"1":{"start":{"line":1,"column":27},"end":{"line":1,"column":32}}},"fnMap":{"0":{"name":"(anonymous_0)","decl":{"start":{"line":1,"column":17},"end":{"line":1,"column":18}},"loc":{"start":{"line":1,"column":27},"end":{"line":1,"column":32}},"line":1}},"branchMap":{},"s":{"0":1,"1":1},"f":{"0":1},"b":{},"_coverageSchema":"43e27e138ebf9cfc5966b082cf9a028302ed4184","hash":"9e87b99044dd46c2ea78759d522555b6b28e1d71"}
}
